<?xml version="1.0" encoding="UTF-8"?>
<!-- Generated by org.testng.reporters.JUnitReportReporter -->
<testsuite hostname="Aakanksha_97" failures="0" tests="1" name="com.demo.selenium.test.RetirementCalculatorTest" time="9.208" errors="0" timestamp="2024-08-27T18:42:46 CDT" skipped="0">
  <testcase classname="com.demo.selenium.test.RetirementCalculatorTest" name="testRetirementCalculator" time="9.208"/>
</testsuite> <!-- com.demo.selenium.test.RetirementCalculatorTest -->
