<?xml version="1.0" encoding="UTF-8"?>
<!-- Generated by org.testng.reporters.JUnitReportReporter -->
<testsuite hostname="Aakanksha_97" failures="0" tests="1" name="com.demo.selenium.test.RetirementCalculatorTest" time="13.877" errors="0" timestamp="2024-08-28T11:42:45 CDT" skipped="0">
  <testcase classname="com.demo.selenium.test.RetirementCalculatorTest" name="testRetirementCalculator" time="13.877"/>
</testsuite> <!-- com.demo.selenium.test.RetirementCalculatorTest -->
